<?xml version="1.0" encoding="UTF-8"?>
<testsuite name="AgregarProducto" tests="1" skipped="0" failures="1" errors="0" timestamp="2022-12-09T04:43:02" hostname="DESKTOP-J51RFQ2" time="1.061">
  <properties/>
  <testcase name="Producto agregado al carrito con exito" classname="AgregarProducto" time="1.061">
    <failure message="java.lang.NullPointerException" type="java.lang.NullPointerException">java.lang.NullPointerException
	at net.serenitybdd.core.pages.PageObject.openPageAtUrl(PageObject.java:902)
	at net.serenitybdd.core.pages.PageObject.open(PageObject.java:803)
	at net.serenitybdd.core.pages.PageObject.open(PageObject.java:791)
	at co.corona.steps.PaginaInicioStep.abrirNavegador(PaginaInicioStep.java:20)
	at co.corona.stepDefinitions.PrincipalStepDefinition.queElUsuarioSeEncuentraEnLaPagina(PrincipalStepDefinition.java:19)
	at âœ½.Que el usuario se encuentra en la pagina(src/test/resources/features/agregarCarrito.feature:8)
</failure>
  </testcase>
  <system-out><![CDATA[]]></system-out>
  <system-err><![CDATA[[Test worker] ERROR net.thucydides.core.steps.ConsoleLoggingListener - 
           __  _____ _____ ____ _____   _____ _    ___ _     _____ ____  
  _       / / |_   _| ____/ ___|_   _| |  ___/ \  |_ _| |   | ____|  _ \ 
 (_)_____| |    | | |  _| \___ \ | |   | |_ / _ \  | || |   |  _| | | | |
  _|_____| |    | | | |___ ___) || |   |  _/ ___ \ | || |___| |___| |_| |
 (_)     | |    |_| |_____|____/ |_|   |_|/_/   \_\___|_____|_____|____/ 
          \_\                                                            

TEST FAILED WITH ERROR: Producto agregado al carrito con exito
---------------------------------------------------------------------
[Test worker] ERROR net.thucydides.core.steps.ConsoleLoggingListener - TEST FAILED AT STEP Dado Que el usuario se encuentra en la pagina
[Test worker] ERROR net.thucydides.core.steps.ConsoleLoggingListener - 
]]></system-err>
</testsuite>
